2024-10-26 00:19:40,238 - ERROR - \u26a0\ufe0f \u274c Error fetching results: name 'time' is not defined Retrying...
2024-10-26 00:19:45,260 - ERROR - \u26a0\ufe0f \u274c Error fetching results: name 'time' is not defined Retrying...
2024-10-26 00:19:50,268 - ERROR - \u26a0\ufe0f \u274c Error fetching results: name 'time' is not defined Retrying...
2024-10-26 00:19:55,278 - ERROR - \u26a0\ufe0f \u274c Error fetching results: name 'time' is not defined Retrying...
2024-10-26 00:20:00,644 - INFO - HTTP Request: POST https://api.telegram.org/bot7749980464:AAHvWCXm_D0lhNY7hnhs3VsSeWvvVxMc2Wg/sendMessage "HTTP/1.1 200 OK"
2024-10-26 00:20:00,645 - INFO - \u2705 Message sent: \U0001f195 Current Results: ['B', 'P', 'B', 'B', 'T', 'B', 'P', 'T', 'B', 'B']
2024-10-26 00:20:05,778 - INFO - \U0001f504 No new results. Waiting for updates...
2024-10-26 00:20:10,954 - INFO - \U0001f504 No new results. Waiting for updates...
2024-10-26 00:20:16,096 - INFO - \U0001f504 No new results. Waiting for updates...
2024-10-26 00:20:21,236 - INFO - \U0001f504 No new results. Waiting for updates...
2024-10-26 00:20:26,373 - INFO - \U0001f504 No new results. Waiting for updates...
2024-10-26 00:20:31,747 - INFO - HTTP Request: POST https://api.telegram.org/bot7749980464:AAHvWCXm_D0lhNY7hnhs3VsSeWvvVxMc2Wg/sendMessage "HTTP/1.1 200 OK"
2024-10-26 00:20:31,747 - INFO - \u2705 Message sent: \U0001f195 Current Results: ['B', 'B', 'P', 'B', 'B', 'T', 'B', 'P', 'T', 'B']
2024-10-26 00:20:31,840 - INFO - HTTP Request: POST https://api.telegram.org/bot7749980464:AAHvWCXm_D0lhNY7hnhs3VsSeWvvVxMc2Wg/sendMessage "HTTP/1.1 200 OK"
2024-10-26 00:20:31,841 - INFO - \u2705 Message sent: \U0001f4c8 Entry on P
2024-10-26 00:20:36,992 - INFO - \U0001f504 No new results. Waiting for updates...
2024-10-26 00:20:42,131 - INFO - \U0001f504 No new results. Waiting for updates...
2024-10-26 00:20:47,277 - INFO - \U0001f504 No new results. Waiting for updates...
2024-10-26 00:20:52,416 - INFO - \U0001f504 No new results. Waiting for updates...
2024-10-26 00:20:57,550 - INFO - \U0001f504 No new results. Waiting for updates...
2024-10-26 00:21:02,689 - INFO - \U0001f504 No new results. Waiting for updates...
2024-10-26 00:21:08,017 - INFO - HTTP Request: POST https://api.telegram.org/bot7749980464:AAHvWCXm_D0lhNY7hnhs3VsSeWvvVxMc2Wg/sendMessage "HTTP/1.1 200 OK"
2024-10-26 00:21:08,018 - INFO - \u2705 Message sent: \U0001f195 Current Results: ['B', 'B', 'B', 'P', 'B', 'B', 'T', 'B', 'P', 'T']
2024-10-26 00:21:08,128 - INFO - HTTP Request: POST https://api.telegram.org/bot7749980464:AAHvWCXm_D0lhNY7hnhs3VsSeWvvVxMc2Wg/sendMessage "HTTP/1.1 200 OK"
2024-10-26 00:21:08,128 - INFO - \u2705 Message sent: \U0001f4c9 GALE 1
2024-10-26 00:21:13,272 - INFO - \U0001f504 No new results. Waiting for updates...
2024-10-26 00:21:18,413 - INFO - \U0001f504 No new results. Waiting for updates...
2024-10-26 00:21:23,546 - INFO - \U0001f504 No new results. Waiting for updates...
2024-10-26 00:21:28,679 - INFO - \U0001f504 No new results. Waiting for updates...
2024-10-26 00:21:33,817 - INFO - \U0001f504 No new results. Waiting for updates...
2024-10-26 00:21:38,953 - INFO - \U0001f504 No new results. Waiting for updates...
2024-10-26 00:21:44,281 - INFO - HTTP Request: POST https://api.telegram.org/bot7749980464:AAHvWCXm_D0lhNY7hnhs3VsSeWvvVxMc2Wg/sendMessage "HTTP/1.1 200 OK"
2024-10-26 00:21:44,281 - INFO - \u2705 Message sent: \U0001f195 Current Results: ['P', 'B', 'B', 'B', 'P', 'B', 'B', 'T', 'B', 'P']
2024-10-26 00:21:44,370 - INFO - HTTP Request: POST https://api.telegram.org/bot7749980464:AAHvWCXm_D0lhNY7hnhs3VsSeWvvVxMc2Wg/sendMessage "HTTP/1.1 200 OK"
2024-10-26 00:21:44,371 - INFO - \u2705 Message sent: \u2705 GREEN - Win!
2024-10-26 00:21:44,371 - INFO - \U0001f504 State has been reset.
2024-10-26 00:21:49,507 - INFO - \U0001f504 No new results. Waiting for updates...
2024-10-26 00:21:54,641 - INFO - \U0001f504 No new results. Waiting for updates...
2024-10-26 00:21:59,778 - INFO - \U0001f504 No new results. Waiting for updates...
2024-10-26 00:22:04,910 - INFO - \U0001f504 No new results. Waiting for updates...
2024-10-26 00:22:10,049 - INFO - \U0001f504 No new results. Waiting for updates...
2024-10-26 00:22:15,183 - INFO - \U0001f504 No new results. Waiting for updates...
2024-10-26 00:22:20,320 - INFO - \U0001f504 No new results. Waiting for updates...
2024-10-26 00:22:25,646 - INFO - HTTP Request: POST https://api.telegram.org/bot7749980464:AAHvWCXm_D0lhNY7hnhs3VsSeWvvVxMc2Wg/sendMessage "HTTP/1.1 200 OK"
2024-10-26 00:22:25,647 - INFO - \u2705 Message sent: \U0001f195 Current Results: ['B', 'P', 'B', 'B', 'B', 'P', 'B', 'B', 'T', 'B']
2024-10-26 00:22:30,786 - INFO - \U0001f504 No new results. Waiting for updates...
2024-10-26 00:22:35,924 - INFO - \U0001f504 No new results. Waiting for updates...
2024-10-26 00:22:41,052 - INFO - \U0001f504 No new results. Waiting for updates...
2024-10-26 00:22:46,191 - INFO - \U0001f504 No new results. Waiting for updates...
2024-10-26 00:22:51,326 - INFO - \U0001f504 No new results. Waiting for updates...
2024-10-26 00:22:56,465 - INFO - \U0001f504 No new results. Waiting for updates...
2024-10-26 00:23:01,804 - INFO - HTTP Request: POST https://api.telegram.org/bot7749980464:AAHvWCXm_D0lhNY7hnhs3VsSeWvvVxMc2Wg/sendMessage "HTTP/1.1 200 OK"
2024-10-26 00:23:01,805 - INFO - \u2705 Message sent: \U0001f195 Current Results: ['P', 'B', 'P', 'B', 'B', 'B', 'P', 'B', 'B', 'T']
2024-10-26 00:23:06,947 - INFO - \U0001f504 No new results. Waiting for updates...
2024-10-26 00:23:11,603 - WARNING - Retrying (Retry(total=2, connect=None, read=None, redirect=None, status=None)) after connection broken by 'ProtocolError('Connection aborted.', ConnectionResetError(10054, 'An existing connection was forcibly closed by the remote host', None, 10054, None))': /session/b7a751be9eec4dfe8eea4efe3d76a556
2024-10-26 00:23:15,719 - WARNING - Retrying (Retry(total=1, connect=None, read=None, redirect=None, status=None)) after connection broken by 'NewConnectionError('<urllib3.connection.HTTPConnection object at 0x00000243D9A93350>: Failed to establish a new connection: [WinError 10061] No connection could be made because the target machine actively refused it')': /session/b7a751be9eec4dfe8eea4efe3d76a556
2024-10-26 00:26:14,665 - ERROR - \u274c Error fetching results: name 'time' is not defined
2024-10-26 00:26:14,665 - ERROR - \u26a0\ufe0f \u274c Error fetching results: name 'time' is not defined Retrying...
2024-10-26 00:26:19,676 - ERROR - \u274c Error fetching results: name 'time' is not defined
2024-10-26 00:26:19,676 - ERROR - \u26a0\ufe0f \u274c Error fetching results: name 'time' is not defined Retrying...
2024-10-26 00:26:24,914 - ERROR - \u274c Error fetching results: name 'time' is not defined
2024-10-26 00:26:24,914 - ERROR - \u26a0\ufe0f \u274c Error fetching results: name 'time' is not defined Retrying...
2024-10-26 00:26:30,055 - INFO - \U0001f50d Fetched Results: ['P', 'P', 'T', 'B', 'B', 'P', 'B', 'P', 'B', 'B']
2024-10-26 00:26:35,201 - INFO - \U0001f50d Fetched Results: ['P', 'P', 'T', 'B', 'B', 'P', 'B', 'P', 'B', 'B']
2024-10-26 00:26:35,201 - INFO - \U0001f504 No new results. Waiting for updates...
2024-10-26 00:26:40,354 - INFO - \U0001f50d Fetched Results: ['P', 'P', 'T', 'B', 'B', 'P', 'B', 'P', 'B', 'B']
2024-10-26 00:26:40,355 - INFO - \U0001f504 No new results. Waiting for updates...
2024-10-26 00:26:45,504 - INFO - \U0001f50d Fetched Results: ['P', 'P', 'P', 'T', 'B', 'B', 'P', 'B', 'P', 'B']
2024-10-26 00:26:45,695 - INFO - HTTP Request: POST https://api.telegram.org/bot7749980464:AAHvWCXm_D0lhNY7hnhs3VsSeWvvVxMc2Wg/sendMessage "HTTP/1.1 200 OK"
2024-10-26 00:26:45,696 - INFO - \u2705 Message sent: \U0001f4c8 Entry on B
2024-10-26 00:26:50,882 - INFO - \U0001f50d Fetched Results: ['P', 'P', 'P', 'T', 'B', 'B', 'P', 'B', 'P', 'B']
2024-10-26 00:26:50,883 - INFO - \U0001f504 No new results. Waiting for updates...
2024-10-26 00:26:56,035 - INFO - \U0001f50d Fetched Results: ['P', 'P', 'P', 'T', 'B', 'B', 'P', 'B', 'P', 'B']
2024-10-26 00:26:56,036 - INFO - \U0001f504 No new results. Waiting for updates...
2024-10-26 00:27:01,183 - INFO - \U0001f50d Fetched Results: ['P', 'P', 'P', 'T', 'B', 'B', 'P', 'B', 'P', 'B']
2024-10-26 00:27:01,183 - INFO - \U0001f504 No new results. Waiting for updates...
2024-10-26 00:27:06,320 - INFO - \U0001f50d Fetched Results: ['P', 'P', 'P', 'T', 'B', 'B', 'P', 'B', 'P', 'B']
2024-10-26 00:27:06,320 - INFO - \U0001f504 No new results. Waiting for updates...
2024-10-26 00:27:11,471 - INFO - \U0001f50d Fetched Results: ['P', 'P', 'P', 'T', 'B', 'B', 'P', 'B', 'P', 'B']
2024-10-26 00:27:11,471 - INFO - \U0001f504 No new results. Waiting for updates...
2024-10-26 00:27:16,616 - INFO - \U0001f50d Fetched Results: ['P', 'P', 'P', 'T', 'B', 'B', 'P', 'B', 'P', 'B']
2024-10-26 00:27:16,617 - INFO - \U0001f504 No new results. Waiting for updates...
2024-10-26 00:27:21,774 - INFO - \U0001f50d Fetched Results: ['B', 'P', 'P', 'P', 'T', 'B', 'B', 'P', 'B', 'P']
2024-10-26 00:27:21,968 - INFO - HTTP Request: POST https://api.telegram.org/bot7749980464:AAHvWCXm_D0lhNY7hnhs3VsSeWvvVxMc2Wg/sendMessage "HTTP/1.1 200 OK"
2024-10-26 00:27:21,969 - INFO - \u2705 Message sent: \u2705 GREEN - Win!
2024-10-26 00:27:21,969 - INFO - \U0001f504 State has been reset.
2024-10-26 00:27:27,116 - INFO - \U0001f50d Fetched Results: ['B', 'P', 'P', 'P', 'T', 'B', 'B', 'P', 'B', 'P']
2024-10-26 00:27:27,117 - INFO - \U0001f504 No new results. Waiting for updates...
2024-10-26 00:27:32,259 - INFO - \U0001f50d Fetched Results: ['B', 'P', 'P', 'P', 'T', 'B', 'B', 'P', 'B', 'P']
2024-10-26 00:27:32,259 - INFO - \U0001f504 No new results. Waiting for updates...
2024-10-26 00:27:37,398 - INFO - \U0001f50d Fetched Results: ['B', 'P', 'P', 'P', 'T', 'B', 'B', 'P', 'B', 'P']
2024-10-26 00:27:37,398 - INFO - \U0001f504 No new results. Waiting for updates...
2024-10-26 00:27:42,544 - INFO - \U0001f50d Fetched Results: ['B', 'P', 'P', 'P', 'T', 'B', 'B', 'P', 'B', 'P']
2024-10-26 00:27:42,544 - INFO - \U0001f504 No new results. Waiting for updates...
2024-10-26 00:27:47,681 - INFO - \U0001f50d Fetched Results: ['B', 'P', 'P', 'P', 'T', 'B', 'B', 'P', 'B', 'P']
2024-10-26 00:27:47,682 - INFO - \U0001f504 No new results. Waiting for updates...
2024-10-26 00:27:52,817 - INFO - \U0001f50d Fetched Results: ['B', 'P', 'P', 'P', 'T', 'B', 'B', 'P', 'B', 'P']
2024-10-26 00:27:52,817 - INFO - \U0001f504 No new results. Waiting for updates...
2024-10-26 00:27:57,952 - INFO - \U0001f50d Fetched Results: ['B', 'P', 'P', 'P', 'T', 'B', 'B', 'P', 'B', 'P']
2024-10-26 00:27:57,953 - INFO - \U0001f504 No new results. Waiting for updates...
2024-10-26 00:28:03,101 - INFO - \U0001f50d Fetched Results: ['B', 'B', 'P', 'P', 'P', 'T', 'B', 'B', 'P', 'B']
2024-10-26 00:28:03,296 - INFO - HTTP Request: POST https://api.telegram.org/bot7749980464:AAHvWCXm_D0lhNY7hnhs3VsSeWvvVxMc2Wg/sendMessage "HTTP/1.1 200 OK"
2024-10-26 00:28:03,297 - INFO - \u2705 Message sent: \U0001f4c8 Entry on P
2024-10-26 00:28:08,444 - INFO - \U0001f50d Fetched Results: ['B', 'B', 'P', 'P', 'P', 'T', 'B', 'B', 'P', 'B']
2024-10-26 00:28:08,445 - INFO - \U0001f504 No new results. Waiting for updates...
2024-10-26 00:28:13,593 - INFO - \U0001f50d Fetched Results: ['B', 'B', 'P', 'P', 'P', 'T', 'B', 'B', 'P', 'B']
2024-10-26 00:28:13,593 - INFO - \U0001f504 No new results. Waiting for updates...
2024-10-26 00:28:18,742 - INFO - \U0001f50d Fetched Results: ['B', 'B', 'P', 'P', 'P', 'T', 'B', 'B', 'P', 'B']
2024-10-26 00:28:18,742 - INFO - \U0001f504 No new results. Waiting for updates...
2024-10-26 00:28:23,886 - INFO - \U0001f50d Fetched Results: ['B', 'B', 'P', 'P', 'P', 'T', 'B', 'B', 'P', 'B']
2024-10-26 00:28:23,887 - INFO - \U0001f504 No new results. Waiting for updates...
2024-10-26 00:28:29,019 - INFO - \U0001f50d Fetched Results: ['B', 'B', 'P', 'P', 'P', 'T', 'B', 'B', 'P', 'B']
2024-10-26 00:28:29,020 - INFO - \U0001f504 No new results. Waiting for updates...
2024-10-26 00:28:34,174 - INFO - \U0001f50d Fetched Results: ['B', 'B', 'P', 'P', 'P', 'T', 'B', 'B', 'P', 'B']
2024-10-26 00:28:34,175 - INFO - \U0001f504 No new results. Waiting for updates...
2024-10-26 00:28:39,333 - INFO - \U0001f50d Fetched Results: ['P', 'B', 'B', 'P', 'P', 'P', 'T', 'B', 'B', 'P']
2024-10-26 00:28:39,544 - INFO - HTTP Request: POST https://api.telegram.org/bot7749980464:AAHvWCXm_D0lhNY7hnhs3VsSeWvvVxMc2Wg/sendMessage "HTTP/1.1 200 OK"
2024-10-26 00:28:39,544 - INFO - \u2705 Message sent: \u2705 GREEN - Win!
2024-10-26 00:28:39,545 - INFO - \U0001f504 State has been reset.
2024-10-26 00:28:44,688 - INFO - \U0001f50d Fetched Results: ['P', 'B', 'B', 'P', 'P', 'P', 'T', 'B', 'B', 'P']
2024-10-26 00:28:44,689 - INFO - \U0001f504 No new results. Waiting for updates...
2024-10-26 00:28:49,838 - INFO - \U0001f50d Fetched Results: ['P', 'B', 'B', 'P', 'P', 'P', 'T', 'B', 'B', 'P']
2024-10-26 00:28:49,839 - INFO - \U0001f504 No new results. Waiting for updates...
2024-10-26 00:28:54,979 - INFO - \U0001f50d Fetched Results: ['P', 'B', 'B', 'P', 'P', 'P', 'T', 'B', 'B', 'P']
2024-10-26 00:28:54,979 - INFO - \U0001f504 No new results. Waiting for updates...
2024-10-26 00:29:00,121 - INFO - \U0001f50d Fetched Results: ['P', 'B', 'B', 'P', 'P', 'P', 'T', 'B', 'B', 'P']
2024-10-26 00:29:00,121 - INFO - \U0001f504 No new results. Waiting for updates...
2024-10-26 00:29:05,257 - INFO - \U0001f50d Fetched Results: ['P', 'B', 'B', 'P', 'P', 'P', 'T', 'B', 'B', 'P']
2024-10-26 00:29:05,257 - INFO - \U0001f504 No new results. Waiting for updates...
2024-10-26 00:29:10,393 - INFO - \U0001f50d Fetched Results: ['P', 'B', 'B', 'P', 'P', 'P', 'T', 'B', 'B', 'P']
2024-10-26 00:29:10,393 - INFO - \U0001f504 No new results. Waiting for updates...
2024-10-26 00:29:15,540 - INFO - \U0001f50d Fetched Results: ['B', 'P', 'B', 'B', 'P', 'P', 'P', 'T', 'B', 'B']
2024-10-26 00:29:20,682 - INFO - \U0001f50d Fetched Results: ['B', 'P', 'B', 'B', 'P', 'P', 'P', 'T', 'B', 'B']
2024-10-26 00:29:20,683 - INFO - \U0001f504 No new results. Waiting for updates...
2024-10-26 00:29:25,864 - INFO - \U0001f50d Fetched Results: ['B', 'P', 'B', 'B', 'P', 'P', 'P', 'T', 'B', 'B']
2024-10-26 00:29:25,865 - INFO - \U0001f504 No new results. Waiting for updates...
2024-10-26 00:29:31,025 - INFO - \U0001f50d Fetched Results: ['B', 'P', 'B', 'B', 'P', 'P', 'P', 'T', 'B', 'B']
2024-10-26 00:29:31,026 - INFO - \U0001f504 No new results. Waiting for updates...
